<?xml version="1.0" encoding="UTF-8"?>
<testsuite name="LP2.Trabalho_final.TrabalhoFinalApplicationTests" tests="1" skipped="0" failures="0" errors="0" timestamp="2024-07-17T00:16:45" hostname="PC104-08" time="0.031">
  <properties/>
  <testcase name="contextLoads()" classname="LP2.Trabalho_final.TrabalhoFinalApplicationTests" time="0.031"/>
  <system-out><![CDATA[2024-07-16T21:16:42.432-03:00  INFO 2192 --- [    Test worker] t.c.s.AnnotationConfigContextLoaderUtils : Could not detect default configuration classes for test class [LP2.Trabalho_final.TrabalhoFinalApplicationTests]: TrabalhoFinalApplicationTests does not declare any static, non-private, non-final, nested classes annotated with @Configuration.
2024-07-16T21:16:42.583-03:00  INFO 2192 --- [    Test worker] .b.t.c.SpringBootTestContextBootstrapper : Found @SpringBootConfiguration LP2.Trabalho_final.TrabalhoFinalApplication for test class LP2.Trabalho_final.TrabalhoFinalApplicationTests

  .   ____          _            __ _ _
 /\\ / ___'_ __ _ _(_)_ __  __ _ \ \ \ \
( ( )\___ | '_ | '_| | '_ \/ _` | \ \ \ \
 \\/  ___)| |_)| | | | | || (_| |  ) ) ) )
  '  |____| .__|_| |_|_| |_\__, | / / / /
 =========|_|==============|___/=/_/_/_/

 :: Spring Boot ::                (v3.3.1)

2024-07-16T21:16:42.935-03:00  INFO 2192 --- [    Test worker] L.T.TrabalhoFinalApplicationTests        : Starting TrabalhoFinalApplicationTests using Java 17.0.9 with PID 2192 (started by Tecnico - TI in C:\Users\Tecnico - TI\Documents\Davi\Trabalho_final)
2024-07-16T21:16:42.937-03:00  INFO 2192 --- [    Test worker] L.T.TrabalhoFinalApplicationTests        : No active profile set, falling back to 1 default profile: "default"
2024-07-16T21:16:43.820-03:00  INFO 2192 --- [    Test worker] .s.d.r.c.RepositoryConfigurationDelegate : Bootstrapping Spring Data JPA repositories in DEFAULT mode.
2024-07-16T21:16:43.855-03:00  INFO 2192 --- [    Test worker] .s.d.r.c.RepositoryConfigurationDelegate : Finished Spring Data repository scanning in 34 ms. Found 3 JPA repository interfaces.
2024-07-16T21:16:44.232-03:00  INFO 2192 --- [    Test worker] com.zaxxer.hikari.HikariDataSource       : HikariPool-2 - Starting...
2024-07-16T21:16:44.246-03:00  INFO 2192 --- [    Test worker] com.zaxxer.hikari.pool.HikariPool        : HikariPool-2 - Added connection conn10: url=jdbc:h2:mem:78a3bf1b-8f7d-4062-ae1a-6019860c8275 user=SA
2024-07-16T21:16:44.248-03:00  INFO 2192 --- [    Test worker] com.zaxxer.hikari.HikariDataSource       : HikariPool-2 - Start completed.
2024-07-16T21:16:44.259-03:00  INFO 2192 --- [    Test worker] o.hibernate.jpa.internal.util.LogHelper  : HHH000204: Processing PersistenceUnitInfo [name: default]
2024-07-16T21:16:44.321-03:00  INFO 2192 --- [    Test worker] o.h.c.internal.RegionFactoryInitiator    : HHH000026: Second-level cache disabled
2024-07-16T21:16:44.426-03:00  INFO 2192 --- [    Test worker] o.s.o.j.p.SpringPersistenceUnitInfo      : No LoadTimeWeaver setup: ignoring JPA class transformer
2024-07-16T21:16:44.433-03:00  WARN 2192 --- [    Test worker] org.hibernate.dialect.Dialect            : HHH000511: The 2.1.212 version for [org.hibernate.dialect.H2Dialect] is no longer supported, hence certain features may not work properly. The minimum supported version is 2.1.214. Check the community dialects project for available legacy versions.
2024-07-16T21:16:44.653-03:00  INFO 2192 --- [    Test worker] o.h.e.t.j.p.i.JtaPlatformInitiator       : HHH000489: No JTA platform available (set 'hibernate.transaction.jta.platform' to enable JTA platform integration)
2024-07-16T21:16:44.674-03:00  INFO 2192 --- [    Test worker] j.LocalContainerEntityManagerFactoryBean : Initialized JPA EntityManagerFactory for persistence unit 'default'
2024-07-16T21:16:45.188-03:00  WARN 2192 --- [    Test worker] JpaBaseConfiguration$JpaWebConfiguration : spring.jpa.open-in-view is enabled by default. Therefore, database queries may be performed during view rendering. Explicitly configure spring.jpa.open-in-view to disable this warning
2024-07-16T21:16:45.828-03:00  INFO 2192 --- [    Test worker] L.T.TrabalhoFinalApplicationTests        : Started TrabalhoFinalApplicationTests in 3.181 seconds (process running for 28.543)
]]></system-out>
  <system-err><![CDATA[]]></system-err>
</testsuite>
