<?xml version="1.0" encoding="UTF-8"?>
<testsuite name="LP2.Trabalho_final.service.CidadeServiceTeste" tests="2" skipped="0" failures="0" errors="0" timestamp="2024-07-17T00:16:53" hostname="PC104-08" time="0.036">
  <properties/>
  <testcase name="testaListagem()" classname="LP2.Trabalho_final.service.CidadeServiceTeste" time="0.013"/>
  <testcase name="testaCadastrar()" classname="LP2.Trabalho_final.service.CidadeServiceTeste" time="0.014"/>
  <system-out><![CDATA[]]></system-out>
  <system-err><![CDATA[]]></system-err>
</testsuite>
