<?xml version="1.0" encoding="UTF-8"?>
<testsuite name="LP2.Trabalho_final.controller.CidadeControllerTeste" tests="3" skipped="0" failures="1" errors="0" timestamp="2024-07-17T00:16:39" hostname="PC104-08" time="2.437">
  <properties/>
  <testcase name="testaAdicao()" classname="LP2.Trabalho_final.controller.CidadeControllerTeste" time="0.994"/>
  <testcase name="testaBuscaPorUF()" classname="LP2.Trabalho_final.controller.CidadeControllerTeste" time="1.381">
    <failure message="java.lang.AssertionError: Não retornou quantidade correta&#13;&#10;Expected: is &lt;1&gt;&#13;&#10;     but: was &lt;0&gt;" type="java.lang.AssertionError">java.lang.AssertionError: Não retornou quantidade correta
Expected: is &lt;1&gt;
     but: was &lt;0&gt;
	at org.hamcrest.MatcherAssert.assertThat(MatcherAssert.java:20)
	at LP2.Trabalho_final.controller.CidadeControllerTeste.testaBuscaPorUF(CidadeControllerTeste.java:116)
	at java.base/java.lang.reflect.Method.invoke(Method.java:568)
	at java.base/java.util.ArrayList.forEach(ArrayList.java:1511)
	at java.base/java.util.ArrayList.forEach(ArrayList.java:1511)
</failure>
  </testcase>
  <testcase name="testaLista()" classname="LP2.Trabalho_final.controller.CidadeControllerTeste" time="0.031"/>
  <system-out><![CDATA[
  .   ____          _            __ _ _
 /\\ / ___'_ __ _ _(_)_ __  __ _ \ \ \ \
( ( )\___ | '_ | '_| | '_ \/ _` | \ \ \ \
 \\/  ___)| |_)| | | | | || (_| |  ) ) ) )
  '  |____| .__|_| |_|_| |_\__, | / / / /
 =========|_|==============|___/=/_/_/_/

 :: Spring Boot ::                (v3.3.1)

2024-07-16T21:16:22.023-03:00  INFO 2192 --- [    Test worker] L.T.controller.CidadeControllerTeste     : Starting CidadeControllerTeste using Java 17.0.9 with PID 2192 (started by Tecnico - TI in C:\Users\Tecnico - TI\Documents\Davi\Trabalho_final)
2024-07-16T21:16:22.031-03:00  INFO 2192 --- [    Test worker] L.T.controller.CidadeControllerTeste     : The following 1 profile is active: "test"
2024-07-16T21:16:23.980-03:00  INFO 2192 --- [    Test worker] .s.d.r.c.RepositoryConfigurationDelegate : Bootstrapping Spring Data JPA repositories in DEFAULT mode.
2024-07-16T21:16:24.100-03:00  INFO 2192 --- [    Test worker] .s.d.r.c.RepositoryConfigurationDelegate : Finished Spring Data repository scanning in 94 ms. Found 3 JPA repository interfaces.
2024-07-16T21:16:29.856-03:00  INFO 2192 --- [    Test worker] com.zaxxer.hikari.HikariDataSource       : HikariPool-1 - Starting...
2024-07-16T21:16:30.657-03:00  INFO 2192 --- [    Test worker] com.zaxxer.hikari.pool.HikariPool        : HikariPool-1 - Added connection conn0: url=jdbc:h2:mem:5f257442-781a-432f-9561-942af89e4e47 user=SA
2024-07-16T21:16:30.666-03:00  INFO 2192 --- [    Test worker] com.zaxxer.hikari.HikariDataSource       : HikariPool-1 - Start completed.
2024-07-16T21:16:30.853-03:00  INFO 2192 --- [    Test worker] o.hibernate.jpa.internal.util.LogHelper  : HHH000204: Processing PersistenceUnitInfo [name: default]
2024-07-16T21:16:31.183-03:00  INFO 2192 --- [    Test worker] org.hibernate.Version                    : HHH000412: Hibernate ORM core version 6.5.2.Final
2024-07-16T21:16:31.389-03:00  INFO 2192 --- [    Test worker] o.h.c.internal.RegionFactoryInitiator    : HHH000026: Second-level cache disabled
2024-07-16T21:16:32.192-03:00  INFO 2192 --- [    Test worker] o.s.o.j.p.SpringPersistenceUnitInfo      : No LoadTimeWeaver setup: ignoring JPA class transformer
2024-07-16T21:16:32.619-03:00  WARN 2192 --- [    Test worker] org.hibernate.dialect.Dialect            : HHH000511: The 2.1.212 version for [org.hibernate.dialect.H2Dialect] is no longer supported, hence certain features may not work properly. The minimum supported version is 2.1.214. Check the community dialects project for available legacy versions.
2024-07-16T21:16:35.985-03:00  INFO 2192 --- [    Test worker] o.h.e.t.j.p.i.JtaPlatformInitiator       : HHH000489: No JTA platform available (set 'hibernate.transaction.jta.platform' to enable JTA platform integration)
2024-07-16T21:16:36.120-03:00  INFO 2192 --- [    Test worker] j.LocalContainerEntityManagerFactoryBean : Initialized JPA EntityManagerFactory for persistence unit 'default'
2024-07-16T21:16:37.998-03:00  WARN 2192 --- [    Test worker] JpaBaseConfiguration$JpaWebConfiguration : spring.jpa.open-in-view is enabled by default. Therefore, database queries may be performed during view rendering. Explicitly configure spring.jpa.open-in-view to disable this warning
2024-07-16T21:16:39.579-03:00  INFO 2192 --- [    Test worker] o.s.b.t.m.w.SpringBootMockServletContext : Initializing Spring TestDispatcherServlet ''
2024-07-16T21:16:39.582-03:00  INFO 2192 --- [    Test worker] o.s.t.web.servlet.TestDispatcherServlet  : Initializing Servlet ''
2024-07-16T21:16:39.627-03:00  INFO 2192 --- [    Test worker] o.s.t.web.servlet.TestDispatcherServlet  : Completed initialization in 11 ms
2024-07-16T21:16:39.723-03:00  INFO 2192 --- [    Test worker] L.T.controller.CidadeControllerTeste     : Started CidadeControllerTeste in 18.542 seconds (process running for 22.438)
Conteúdo da resposta: {"id":null,"nome":"Porto Alegre","uf":{"id":null,"sigla":"RS","nome":"Rio Grande do Sul"}}

MockHttpServletRequest:
      HTTP Method = GET
      Request URI = /ceps/por-uf
       Parameters = {uf=[1]}
          Headers = []
             Body = null
    Session Attrs = {}

Handler:
             Type = LP2.Trabalho_final.controller.CepController
           Method = LP2.Trabalho_final.controller.CepController#listarPorUf(String)

Async:
    Async started = false
     Async result = null

Resolved Exception:
             Type = null

ModelAndView:
        View name = null
             View = null
            Model = null

FlashMap:
       Attributes = null

MockHttpServletResponse:
           Status = 200
    Error message = null
          Headers = [Content-Type:"application/json"]
     Content type = application/json
             Body = []
    Forwarded URL = null
   Redirected URL = null
          Cookies = []
]]></system-out>
  <system-err><![CDATA[]]></system-err>
</testsuite>
